<?xml version="1.0" encoding="UTF-8"?>
<!-- Generated by org.testng.reporters.JUnitReportReporter -->
<testsuite hostname="DESKTOP-757EIR7" failures="0" tests="1" name="testCasePack.TC001_Login" time="10.715" errors="0" timestamp="2024-10-08T11:38:25 IST" skipped="0">
  <testcase classname="testCasePack.TC001_Login" name="loginWithValidData" time="10.715"/>
  <system-out/>
</testsuite> <!-- testCasePack.TC001_Login -->
